<?xml version="1.0" encoding="UTF-8"?>
<!-- Generated by org.testng.reporters.JUnitXMLReporter -->
<testsuite hostname="DESKTOP-TVEQ2AT" ignored="0" name="sampleTest" tests="8" failures="1" timestamp="2019-11-27T02:26:00 PST" time="125.838" errors="0">
  <testcase name="checkcontactslabel" time="0.048" classname="crm.pom.testdata.ContactsTest"/>
  <testcase name="checkthecontact" time="0.164" classname="crm.pom.testdata.ContactsTest">
    <failure type="java.lang.AssertionError" message="contact is npot displayed did not expect to find [true] but found [false]">
      <![CDATA[java.lang.AssertionError: contact is npot displayed did not expect to find [true] but found [false]
at crm.pom.testdata.ContactsTest.checkthecontact(ContactsTest.java:42)
at java.util.ArrayList.forEach(Unknown Source)
... Removed 30 stack frames]]>
    </failure>
  </testcase> <!-- checkthecontact -->
  <testcase name="verifyhomepagetitile" time="0.012" classname="crm.pom.testdata.HomepageTest"/>
  <testcase name="verifyusernametitle" time="1.08" classname="crm.pom.testdata.HomepageTest"/>
  <testcase name="verifycontactslink" time="1.227" classname="crm.pom.testdata.HomepageTest"/>
  <testcase name="loginPageTitleTest" time="0.016" classname="crm.pom.testdata.Logintest"/>
  <testcase name="crmlogoimagetest" time="0.068" classname="crm.pom.testdata.Logintest"/>
  <testcase name="login" time="1.848" classname="crm.pom.testdata.Logintest"/>
</testsuite> <!-- sampleTest -->
